<?xml version="1.0" encoding="UTF-8"?>
<!-- Generated by org.testng.reporters.JUnitXMLReporter -->
<testsuite ignored="0" hostname="LAPTOP-PD0R1FO9" failures="1" tests="1" name="Test_Edge" time="9.248" errors="0" timestamp="2022-10-31T21:15:56 IST">
  <testcase classname="com.Test.Test_1" name="Test" time="0.237">
    <failure type="java.lang.AssertionError" message="expected [true] but found [false]">
      <![CDATA[java.lang.AssertionError: expected [true] but found [false]
at com.Test.Test_1.Test(Test_1.java:24)
at java.base/java.util.ArrayList.forEach(ArrayList.java:1511)
... Removed 31 stack frames]]>
    </failure>
  </testcase> <!-- Test -->
</testsuite> <!-- Test_Edge -->
